Assuming unrestricted shared filesystem usage.
host: RAAAAA-CHOMP.lan
Building DAG of jobs...
Using shell: /bin/bash
Provided cores: 8
Rules claiming more threads will be scaled down.
Job stats:
job             count
------------  -------
all                 1
generate_dag        1
total               2

Select jobs to execute...
Execute 1 jobs...
[Sat Dec  6 21:37:20 2025]
localrule generate_dag:
    input: data/processed/performance_chart.png, data/checksums/merged_df.sha
    output: data/processed/dag.png
    jobid: 6
    reason: Missing output files: data/processed/dag.png
    resources: tmpdir=/var/folders/vx/tdx7885s7g58xxw5fkccpgsr0000gn/T
[Sat Dec  6 21:37:21 2025]
Finished jobid: 6 (Rule: generate_dag)
1 of 2 steps (50%) done
Select jobs to execute...
Execute 1 jobs...
[Sat Dec  6 21:37:21 2025]
localrule all:
    input: data/processed/performance_chart.png, data/checksums/merged_df.sha, data/processed/dag.png
    jobid: 0
    reason: Input files updated by another job: data/processed/dag.png
    resources: tmpdir=/var/folders/vx/tdx7885s7g58xxw5fkccpgsr0000gn/T
[Sat Dec  6 21:37:21 2025]
Finished jobid: 0 (Rule: all)
2 of 2 steps (100%) done
Complete log(s): /Users/emma/Desktop/IS-477-Project/.snakemake/log/2025-12-06T213720.327321.snakemake.log
